<?xml version="1.0" encoding="UTF-8"?>
<!-- Generated by org.testng.reporters.JUnitReportReporter -->
<testsuite hostname="Lavanya-Laptop" failures="0" tests="1" name="com.hrmapp.testcases.SearchUser" time="10.947" errors="0" timestamp="2022-08-14T22:36:25 EDT" skipped="0">
  <testcase classname="com.hrmapp.testcases.SearchUser" name="userNamefield" time="10.947"/>
  <system-out/>
</testsuite> <!-- com.hrmapp.testcases.SearchUser -->
