<?xml version="1.0" encoding="UTF-8"?>
<!-- Generated by org.testng.reporters.JUnitReportReporter -->
<testsuite hostname="Lavanya-Laptop" failures="0" tests="1" name="com.hrmapp.testcases.SearchUser" time="11.874" errors="0" timestamp="2022-08-12T19:44:55 EDT" skipped="0">
  <testcase classname="com.hrmapp.testcases.SearchUser" name="userNamefield" time="11.874"/>
  <system-out/>
</testsuite> <!-- com.hrmapp.testcases.SearchUser -->
