<?xml version="1.0" encoding="UTF-8"?>
<!-- Generated by org.testng.reporters.JUnitReportReporter -->
<testsuite hostname="Lavanya-Laptop" failures="0" tests="1" name="com.hrmapp.testcases.SearchUserTest" time="12.789" errors="0" timestamp="2022-08-15T00:54:17 EDT" skipped="0">
  <testcase classname="com.hrmapp.testcases.SearchUserTest" name="userFind" time="12.789"/>
  <system-out/>
</testsuite> <!-- com.hrmapp.testcases.SearchUserTest -->
